!SESSION 2022-12-20 16:16:10.750 -----------------------------------------------
eclipse.buildId=unknown
java.version=16.0.2
java.vendor=Oracle Corporation
BootLoader constants: OS=macosx, ARCH=x86_64, WS=cocoa, NL=en_VN
Command-line arguments:  -data /Users/Thien/.config/coc/extensions/coc-java-data/jdt_ws_257469efaa7c6eb4da24abdc596f52c0

!ENTRY org.eclipse.jdt.ls.filesystem 4 0 2022-12-20 16:16:11.904
!MESSAGE FrameworkEvent ERROR
!STACK 0
org.osgi.framework.BundleException: Could not resolve module: org.eclipse.jdt.ls.filesystem [51]
  Unresolved requirement: Require-Capability: osgi.ee; filter:="(&(osgi.ee=JavaSE)(version=17))"

	at org.eclipse.osgi.container.Module.start(Module.java:463)
	at org.eclipse.osgi.container.ModuleContainer$ContainerStartLevel$2.run(ModuleContainer.java:1852)
	at org.eclipse.osgi.internal.framework.EquinoxContainerAdaptor$1$1.execute(EquinoxContainerAdaptor.java:136)
	at org.eclipse.osgi.container.ModuleContainer$ContainerStartLevel.incStartLevel(ModuleContainer.java:1845)
	at org.eclipse.osgi.container.ModuleContainer$ContainerStartLevel.incStartLevel(ModuleContainer.java:1786)
	at org.eclipse.osgi.container.ModuleContainer$ContainerStartLevel.doContainerStartLevel(ModuleContainer.java:1750)
	at org.eclipse.osgi.container.ModuleContainer$ContainerStartLevel.dispatchEvent(ModuleContainer.java:1672)
	at org.eclipse.osgi.container.ModuleContainer$ContainerStartLevel.dispatchEvent(ModuleContainer.java:1)
	at org.eclipse.osgi.framework.eventmgr.EventManager.dispatchEvent(EventManager.java:234)
	at org.eclipse.osgi.framework.eventmgr.EventManager$EventThread.run(EventManager.java:345)

!ENTRY org.eclipse.m2e.apt.core 4 0 2022-12-20 16:16:11.905
!MESSAGE FrameworkEvent ERROR
!STACK 0
org.osgi.framework.BundleException: Could not resolve module: org.eclipse.m2e.apt.core [56]
  Unresolved requirement: Require-Capability: osgi.ee; filter:="(&(osgi.ee=JavaSE)(version=17))"
  Unresolved requirement: Require-Bundle: org.eclipse.m2e.jdt; bundle-version="[2.0.0,3.0.0)"
    -> Bundle-SymbolicName: org.eclipse.m2e.jdt; bundle-version="2.0.0.20220706-1958"; singleton:="true"
       org.eclipse.m2e.jdt [58]
         Unresolved requirement: Require-Bundle: org.eclipse.m2e.core; bundle-version="[2.0.0,3.0.0)"
           -> Bundle-SymbolicName: org.eclipse.m2e.core; bundle-version="2.0.0.20220711-1014"; singleton:="true"
              org.eclipse.m2e.core [57]
                Unresolved requirement: Require-Capability: osgi.ee; filter:="(&(osgi.ee=JavaSE)(version=17))"
  Unresolved requirement: Require-Bundle: org.eclipse.m2e.core; bundle-version="[2.0.0,3.0.0)"
    -> Bundle-SymbolicName: org.eclipse.m2e.core; bundle-version="2.0.0.20220711-1014"; singleton:="true"

	at org.eclipse.osgi.container.Module.start(Module.java:463)
	at org.eclipse.osgi.container.ModuleContainer$ContainerStartLevel$2.run(ModuleContainer.java:1852)
	at org.eclipse.osgi.internal.framework.EquinoxContainerAdaptor$1$1.execute(EquinoxContainerAdaptor.java:136)
	at org.eclipse.osgi.container.ModuleContainer$ContainerStartLevel.incStartLevel(ModuleContainer.java:1845)
	at org.eclipse.osgi.container.ModuleContainer$ContainerStartLevel.incStartLevel(ModuleContainer.java:1786)
	at org.eclipse.osgi.container.ModuleContainer$ContainerStartLevel.doContainerStartLevel(ModuleContainer.java:1750)
	at org.eclipse.osgi.container.ModuleContainer$ContainerStartLevel.dispatchEvent(ModuleContainer.java:1672)
	at org.eclipse.osgi.container.ModuleContainer$ContainerStartLevel.dispatchEvent(ModuleContainer.java:1)
	at org.eclipse.osgi.framework.eventmgr.EventManager.dispatchEvent(EventManager.java:234)
	at org.eclipse.osgi.framework.eventmgr.EventManager$EventThread.run(EventManager.java:345)

!ENTRY org.eclipse.m2e.core 4 0 2022-12-20 16:16:11.906
!MESSAGE FrameworkEvent ERROR
!STACK 0
org.osgi.framework.BundleException: Could not resolve module: org.eclipse.m2e.core [57]
  Unresolved requirement: Require-Capability: osgi.ee; filter:="(&(osgi.ee=JavaSE)(version=17))"

	at org.eclipse.osgi.container.Module.start(Module.java:463)
	at org.eclipse.osgi.container.ModuleContainer$ContainerStartLevel$2.run(ModuleContainer.java:1852)
	at org.eclipse.osgi.internal.framework.EquinoxContainerAdaptor$1$1.execute(EquinoxContainerAdaptor.java:136)
	at org.eclipse.osgi.container.ModuleContainer$ContainerStartLevel.incStartLevel(ModuleContainer.java:1845)
	at org.eclipse.osgi.container.ModuleContainer$ContainerStartLevel.incStartLevel(ModuleContainer.java:1786)
	at org.eclipse.osgi.container.ModuleContainer$ContainerStartLevel.doContainerStartLevel(ModuleContainer.java:1750)
	at org.eclipse.osgi.container.ModuleContainer$ContainerStartLevel.dispatchEvent(ModuleContainer.java:1672)
	at org.eclipse.osgi.container.ModuleContainer$ContainerStartLevel.dispatchEvent(ModuleContainer.java:1)
	at org.eclipse.osgi.framework.eventmgr.EventManager.dispatchEvent(EventManager.java:234)
	at org.eclipse.osgi.framework.eventmgr.EventManager$EventThread.run(EventManager.java:345)

!ENTRY org.eclipse.m2e.jdt 4 0 2022-12-20 16:16:11.906
!MESSAGE FrameworkEvent ERROR
!STACK 0
org.osgi.framework.BundleException: Could not resolve module: org.eclipse.m2e.jdt [58]
  Unresolved requirement: Require-Capability: osgi.ee; filter:="(&(osgi.ee=JavaSE)(version=17))"
  Unresolved requirement: Require-Bundle: org.eclipse.m2e.core; bundle-version="[2.0.0,3.0.0)"
    -> Bundle-SymbolicName: org.eclipse.m2e.core; bundle-version="2.0.0.20220711-1014"; singleton:="true"
       org.eclipse.m2e.core [57]
         Unresolved requirement: Require-Capability: osgi.ee; filter:="(&(osgi.ee=JavaSE)(version=17))"

	at org.eclipse.osgi.container.Module.start(Module.java:463)
	at org.eclipse.osgi.container.ModuleContainer$ContainerStartLevel$2.run(ModuleContainer.java:1852)
	at org.eclipse.osgi.internal.framework.EquinoxContainerAdaptor$1$1.execute(EquinoxContainerAdaptor.java:136)
	at org.eclipse.osgi.container.ModuleContainer$ContainerStartLevel.incStartLevel(ModuleContainer.java:1845)
	at org.eclipse.osgi.container.ModuleContainer$ContainerStartLevel.incStartLevel(ModuleContainer.java:1786)
	at org.eclipse.osgi.container.ModuleContainer$ContainerStartLevel.doContainerStartLevel(ModuleContainer.java:1750)
	at org.eclipse.osgi.container.ModuleContainer$ContainerStartLevel.dispatchEvent(ModuleContainer.java:1672)
	at org.eclipse.osgi.container.ModuleContainer$ContainerStartLevel.dispatchEvent(ModuleContainer.java:1)
	at org.eclipse.osgi.framework.eventmgr.EventManager.dispatchEvent(EventManager.java:234)
	at org.eclipse.osgi.framework.eventmgr.EventManager$EventThread.run(EventManager.java:345)

!ENTRY org.eclipse.jdt.ls.core 4 0 2022-12-20 16:16:11.906
!MESSAGE FrameworkEvent ERROR
!STACK 0
org.osgi.framework.BundleException: Could not resolve module: org.eclipse.jdt.ls.core [50]
  Unresolved requirement: Require-Capability: osgi.ee; filter:="(&(osgi.ee=JavaSE)(version=17))"
  Unresolved requirement: Require-Bundle: org.eclipse.m2e.core; resolution:="optional"
    -> Bundle-SymbolicName: org.eclipse.m2e.core; bundle-version="2.0.0.20220711-1014"; singleton:="true"
       org.eclipse.m2e.core [57]
         Unresolved requirement: Require-Capability: osgi.ee; filter:="(&(osgi.ee=JavaSE)(version=17))"
  Unresolved requirement: Require-Bundle: org.eclipse.m2e.jdt; resolution:="optional"
    -> Bundle-SymbolicName: org.eclipse.m2e.jdt; bundle-version="2.0.0.20220706-1958"; singleton:="true"
       org.eclipse.m2e.jdt [58]
         Unresolved requirement: Require-Bundle: org.eclipse.m2e.core; bundle-version="[2.0.0,3.0.0)"
           -> Bundle-SymbolicName: org.eclipse.m2e.core; bundle-version="2.0.0.20220711-1014"; singleton:="true"
  Unresolved requirement: Require-Bundle: org.eclipse.m2e.apt.core; bundle-version="1.3.0"; resolution:="optional"
    -> Bundle-SymbolicName: org.eclipse.m2e.apt.core; bundle-version="2.0.0.20220706-1958"; singleton:="true"
       org.eclipse.m2e.apt.core [56]
         Unresolved requirement: Require-Bundle: org.eclipse.m2e.core; bundle-version="[2.0.0,3.0.0)"
           -> Bundle-SymbolicName: org.eclipse.m2e.core; bundle-version="2.0.0.20220711-1014"; singleton:="true"

	at org.eclipse.osgi.container.Module.start(Module.java:463)
	at org.eclipse.osgi.container.ModuleContainer$ContainerStartLevel$2.run(ModuleContainer.java:1852)
	at org.eclipse.osgi.internal.framework.EquinoxContainerAdaptor$1$1.execute(EquinoxContainerAdaptor.java:136)
	at org.eclipse.osgi.container.ModuleContainer$ContainerStartLevel.incStartLevel(ModuleContainer.java:1845)
	at org.eclipse.osgi.container.ModuleContainer$ContainerStartLevel.incStartLevel(ModuleContainer.java:1788)
	at org.eclipse.osgi.container.ModuleContainer$ContainerStartLevel.doContainerStartLevel(ModuleContainer.java:1750)
	at org.eclipse.osgi.container.ModuleContainer$ContainerStartLevel.dispatchEvent(ModuleContainer.java:1672)
	at org.eclipse.osgi.container.ModuleContainer$ContainerStartLevel.dispatchEvent(ModuleContainer.java:1)
	at org.eclipse.osgi.framework.eventmgr.EventManager.dispatchEvent(EventManager.java:234)
	at org.eclipse.osgi.framework.eventmgr.EventManager$EventThread.run(EventManager.java:345)

!ENTRY org.eclipse.osgi 4 0 2022-12-20 16:16:11.907
!MESSAGE Bundle initial@reference:file:plugins/org.eclipse.jdt.ls.core_1.19.0.202212060253.jar was not resolved.

!ENTRY org.eclipse.jdt.ls.filesystem 2 0 2022-12-20 16:16:11.920
!MESSAGE Could not resolve module: org.eclipse.jdt.ls.filesystem [51]
  Unresolved requirement: Require-Capability: osgi.ee; filter:="(&(osgi.ee=JavaSE)(version=17))"


!ENTRY org.eclipse.m2e.apt.core 2 0 2022-12-20 16:16:11.922
!MESSAGE Could not resolve module: org.eclipse.m2e.apt.core [56]
  Unresolved requirement: Require-Bundle: org.eclipse.m2e.core; bundle-version="[2.0.0,3.0.0)"
    -> Bundle-SymbolicName: org.eclipse.m2e.core; bundle-version="2.0.0.20220711-1014"; singleton:="true"
       org.eclipse.m2e.core [57]
         Unresolved requirement: Require-Capability: osgi.ee; filter:="(&(osgi.ee=JavaSE)(version=17))"


!ENTRY org.eclipse.m2e.core 2 0 2022-12-20 16:16:11.922
!MESSAGE Could not resolve module: org.eclipse.m2e.core [57]
  Unresolved requirement: Require-Capability: osgi.ee; filter:="(&(osgi.ee=JavaSE)(version=17))"


!ENTRY org.eclipse.m2e.jdt 2 0 2022-12-20 16:16:11.923
!MESSAGE Could not resolve module: org.eclipse.m2e.jdt [58]
  Unresolved requirement: Require-Bundle: org.eclipse.m2e.core; bundle-version="[2.0.0,3.0.0)"
    -> Bundle-SymbolicName: org.eclipse.m2e.core; bundle-version="2.0.0.20220711-1014"; singleton:="true"
       org.eclipse.m2e.core [57]
         Unresolved requirement: Require-Capability: osgi.ee; filter:="(&(osgi.ee=JavaSE)(version=17))"


!ENTRY org.eclipse.jdt.ls.core 2 0 2022-12-20 16:16:11.924
!MESSAGE Could not resolve module: org.eclipse.jdt.ls.core [50]
  Unresolved requirement: Require-Capability: osgi.ee; filter:="(&(osgi.ee=JavaSE)(version=17))"
  Unresolved requirement: Require-Bundle: org.eclipse.m2e.core; resolution:="optional"
    -> Bundle-SymbolicName: org.eclipse.m2e.core; bundle-version="2.0.0.20220711-1014"; singleton:="true"
       org.eclipse.m2e.core [57]
         Unresolved requirement: Require-Capability: osgi.ee; filter:="(&(osgi.ee=JavaSE)(version=17))"
  Unresolved requirement: Require-Bundle: org.eclipse.m2e.jdt; resolution:="optional"
    -> Bundle-SymbolicName: org.eclipse.m2e.jdt; bundle-version="2.0.0.20220706-1958"; singleton:="true"
       org.eclipse.m2e.jdt [58]
         Unresolved requirement: Require-Bundle: org.eclipse.m2e.core; bundle-version="[2.0.0,3.0.0)"
           -> Bundle-SymbolicName: org.eclipse.m2e.core; bundle-version="2.0.0.20220711-1014"; singleton:="true"
  Unresolved requirement: Require-Bundle: org.eclipse.m2e.apt.core; bundle-version="1.3.0"; resolution:="optional"
    -> Bundle-SymbolicName: org.eclipse.m2e.apt.core; bundle-version="2.0.0.20220706-1958"; singleton:="true"
       org.eclipse.m2e.apt.core [56]
         Unresolved requirement: Require-Bundle: org.eclipse.m2e.core; bundle-version="[2.0.0,3.0.0)"
           -> Bundle-SymbolicName: org.eclipse.m2e.core; bundle-version="2.0.0.20220711-1014"; singleton:="true"


!ENTRY org.eclipse.jdt.ls.logback.appender 2 0 2022-12-20 16:16:11.924
!MESSAGE Could not resolve module: org.eclipse.jdt.ls.logback.appender [52]
  Unresolved requirement: Fragment-Host: ch.qos.logback.classic


!ENTRY org.eclipse.osgi 4 0 2022-12-20 16:16:11.924
!MESSAGE Application error
!STACK 1
java.lang.RuntimeException: Application "org.eclipse.jdt.ls.core.id1" could not be found in the registry. The applications available are: org.eclipse.ant.core.antRunner, org.eclipse.equinox.app.error, org.eclipse.jdt.apt.core.aptBuild, org.eclipse.jdt.core.JavaIndexer.
	at org.eclipse.equinox.internal.app.EclipseAppContainer.startDefaultApp(EclipseAppContainer.java:252)
	at org.eclipse.equinox.internal.app.MainApplicationLauncher.run(MainApplicationLauncher.java:33)
	at org.eclipse.core.runtime.internal.adaptor.EclipseAppLauncher.runApplication(EclipseAppLauncher.java:136)
	at org.eclipse.core.runtime.internal.adaptor.EclipseAppLauncher.start(EclipseAppLauncher.java:104)
	at org.eclipse.core.runtime.adaptor.EclipseStarter.run(EclipseStarter.java:402)
	at org.eclipse.core.runtime.adaptor.EclipseStarter.run(EclipseStarter.java:255)
	at java.base/jdk.internal.reflect.NativeMethodAccessorImpl.invoke0(Native Method)
	at java.base/jdk.internal.reflect.NativeMethodAccessorImpl.invoke(NativeMethodAccessorImpl.java:78)
	at java.base/jdk.internal.reflect.DelegatingMethodAccessorImpl.invoke(DelegatingMethodAccessorImpl.java:43)
	at java.base/java.lang.reflect.Method.invoke(Method.java:567)
	at org.eclipse.equinox.launcher.Main.invokeFramework(Main.java:659)
	at org.eclipse.equinox.launcher.Main.basicRun(Main.java:596)
	at org.eclipse.equinox.launcher.Main.run(Main.java:1467)
	at org.eclipse.equinox.launcher.Main.main(Main.java:1440)
