!SESSION 2022-12-16 15:14:27.029 -----------------------------------------------
eclipse.buildId=unknown
java.version=16.0.2
java.vendor=Oracle Corporation
BootLoader constants: OS=macosx, ARCH=x86_64, WS=cocoa, NL=en_VN
Command-line arguments:  -data /Users/Thien/.config/coc/extensions/coc-java-data/jdt_ws_3a2e7dd274e2a798f3f2113b9446983f

!ENTRY org.eclipse.jdt.ls.filesystem 4 0 2022-12-16 15:14:28.211
!MESSAGE FrameworkEvent ERROR
!STACK 0
org.osgi.framework.BundleException: Could not resolve module: org.eclipse.jdt.ls.filesystem [51]
  Unresolved requirement: Require-Capability: osgi.ee; filter:="(&(osgi.ee=JavaSE)(version=17))"

	at org.eclipse.osgi.container.Module.start(Module.java:463)
	at org.eclipse.osgi.container.ModuleContainer$ContainerStartLevel$2.run(ModuleContainer.java:1852)
	at org.eclipse.osgi.internal.framework.EquinoxContainerAdaptor$1$1.execute(EquinoxContainerAdaptor.java:136)
	at org.eclipse.osgi.container.ModuleContainer$ContainerStartLevel.incStartLevel(ModuleContainer.java:1845)
	at org.eclipse.osgi.container.ModuleContainer$ContainerStartLevel.incStartLevel(ModuleContainer.java:1786)
	at org.eclipse.osgi.container.ModuleContainer$ContainerStartLevel.doContainerStartLevel(ModuleContainer.java:1750)
	at org.eclipse.osgi.container.ModuleContainer$ContainerStartLevel.dispatchEvent(ModuleContainer.java:1672)
	at org.eclipse.osgi.container.ModuleContainer$ContainerStartLevel.dispatchEvent(ModuleContainer.java:1)
	at org.eclipse.osgi.framework.eventmgr.EventManager.dispatchEvent(EventManager.java:234)
	at org.eclipse.osgi.framework.eventmgr.EventManager$EventThread.run(EventManager.java:345)

!ENTRY org.eclipse.m2e.apt.core 4 0 2022-12-16 15:14:28.215
!MESSAGE FrameworkEvent ERROR
!STACK 0
org.osgi.framework.BundleException: Could not resolve module: org.eclipse.m2e.apt.core [56]
  Unresolved requirement: Require-Capability: osgi.ee; filter:="(&(osgi.ee=JavaSE)(version=17))"
  Unresolved requirement: Require-Bundle: org.eclipse.m2e.jdt; bundle-version="[2.0.0,3.0.0)"
    -> Bundle-SymbolicName: org.eclipse.m2e.jdt; bundle-version="2.0.0.20220706-1958"; singleton:="true"
       org.eclipse.m2e.jdt [58]
         Unresolved requirement: Require-Bundle: org.eclipse.m2e.core; bundle-version="[2.0.0,3.0.0)"
           -> Bundle-SymbolicName: org.eclipse.m2e.core; bundle-version="2.0.0.20220711-1014"; singleton:="true"
              org.eclipse.m2e.core [57]
                Unresolved requirement: Require-Capability: osgi.ee; filter:="(&(osgi.ee=JavaSE)(version=17))"
  Unresolved requirement: Require-Bundle: org.eclipse.m2e.core; bundle-version="[2.0.0,3.0.0)"
    -> Bundle-SymbolicName: org.eclipse.m2e.core; bundle-version="2.0.0.20220711-1014"; singleton:="true"

	at org.eclipse.osgi.container.Module.start(Module.java:463)
	at org.eclipse.osgi.container.ModuleContainer$ContainerStartLevel$2.run(ModuleContainer.java:1852)
	at org.eclipse.osgi.internal.framework.EquinoxContainerAdaptor$1$1.execute(EquinoxContainerAdaptor.java:136)
	at org.eclipse.osgi.container.ModuleContainer$ContainerStartLevel.incStartLevel(ModuleContainer.java:1845)
	at org.eclipse.osgi.container.ModuleContainer$ContainerStartLevel.incStartLevel(ModuleContainer.java:1786)
	at org.eclipse.osgi.container.ModuleContainer$ContainerStartLevel.doContainerStartLevel(ModuleContainer.java:1750)
	at org.eclipse.osgi.container.ModuleContainer$ContainerStartLevel.dispatchEvent(ModuleContainer.java:1672)
	at org.eclipse.osgi.container.ModuleContainer$ContainerStartLevel.dispatchEvent(ModuleContainer.java:1)
	at org.eclipse.osgi.framework.eventmgr.EventManager.dispatchEvent(EventManager.java:234)
	at org.eclipse.osgi.framework.eventmgr.EventManager$EventThread.run(EventManager.java:345)

!ENTRY org.eclipse.m2e.core 4 0 2022-12-16 15:14:28.215
!MESSAGE FrameworkEvent ERROR
!STACK 0
org.osgi.framework.BundleException: Could not resolve module: org.eclipse.m2e.core [57]
  Unresolved requirement: Require-Capability: osgi.ee; filter:="(&(osgi.ee=JavaSE)(version=17))"

	at org.eclipse.osgi.container.Module.start(Module.java:463)
	at org.eclipse.osgi.container.ModuleContainer$ContainerStartLevel$2.run(ModuleContainer.java:1852)
	at org.eclipse.osgi.internal.framework.EquinoxContainerAdaptor$1$1.execute(EquinoxContainerAdaptor.java:136)
	at org.eclipse.osgi.container.ModuleContainer$ContainerStartLevel.incStartLevel(ModuleContainer.java:1845)
	at org.eclipse.osgi.container.ModuleContainer$ContainerStartLevel.incStartLevel(ModuleContainer.java:1786)
	at org.eclipse.osgi.container.ModuleContainer$ContainerStartLevel.doContainerStartLevel(ModuleContainer.java:1750)
	at org.eclipse.osgi.container.ModuleContainer$ContainerStartLevel.dispatchEvent(ModuleContainer.java:1672)
	at org.eclipse.osgi.container.ModuleContainer$ContainerStartLevel.dispatchEvent(ModuleContainer.java:1)
	at org.eclipse.osgi.framework.eventmgr.EventManager.dispatchEvent(EventManager.java:234)
	at org.eclipse.osgi.framework.eventmgr.EventManager$EventThread.run(EventManager.java:345)

!ENTRY org.eclipse.m2e.jdt 4 0 2022-12-16 15:14:28.215
!MESSAGE FrameworkEvent ERROR
!STACK 0
org.osgi.framework.BundleException: Could not resolve module: org.eclipse.m2e.jdt [58]
  Unresolved requirement: Require-Capability: osgi.ee; filter:="(&(osgi.ee=JavaSE)(version=17))"
  Unresolved requirement: Require-Bundle: org.eclipse.m2e.core; bundle-version="[2.0.0,3.0.0)"
    -> Bundle-SymbolicName: org.eclipse.m2e.core; bundle-version="2.0.0.20220711-1014"; singleton:="true"
       org.eclipse.m2e.core [57]
         Unresolved requirement: Require-Capability: osgi.ee; filter:="(&(osgi.ee=JavaSE)(version=17))"

	at org.eclipse.osgi.container.Module.start(Module.java:463)
	at org.eclipse.osgi.container.ModuleContainer$ContainerStartLevel$2.run(ModuleContainer.java:1852)
	at org.eclipse.osgi.internal.framework.EquinoxContainerAdaptor$1$1.execute(EquinoxContainerAdaptor.java:136)
	at org.eclipse.osgi.container.ModuleContainer$ContainerStartLevel.incStartLevel(ModuleContainer.java:1845)
	at org.eclipse.osgi.container.ModuleContainer$ContainerStartLevel.incStartLevel(ModuleContainer.java:1786)
	at org.eclipse.osgi.container.ModuleContainer$ContainerStartLevel.doContainerStartLevel(ModuleContainer.java:1750)
	at org.eclipse.osgi.container.ModuleContainer$ContainerStartLevel.dispatchEvent(ModuleContainer.java:1672)
	at org.eclipse.osgi.container.ModuleContainer$ContainerStartLevel.dispatchEvent(ModuleContainer.java:1)
	at org.eclipse.osgi.framework.eventmgr.EventManager.dispatchEvent(EventManager.java:234)
	at org.eclipse.osgi.framework.eventmgr.EventManager$EventThread.run(EventManager.java:345)

!ENTRY org.eclipse.jdt.ls.core 4 0 2022-12-16 15:14:28.215
!MESSAGE FrameworkEvent ERROR
!STACK 0
org.osgi.framework.BundleException: Could not resolve module: org.eclipse.jdt.ls.core [50]
  Unresolved requirement: Require-Capability: osgi.ee; filter:="(&(osgi.ee=JavaSE)(version=17))"
  Unresolved requirement: Require-Bundle: org.eclipse.m2e.core; resolution:="optional"
    -> Bundle-SymbolicName: org.eclipse.m2e.core; bundle-version="2.0.0.20220711-1014"; singleton:="true"
       org.eclipse.m2e.core [57]
         Unresolved requirement: Require-Capability: osgi.ee; filter:="(&(osgi.ee=JavaSE)(version=17))"
  Unresolved requirement: Require-Bundle: org.eclipse.m2e.jdt; resolution:="optional"
    -> Bundle-SymbolicName: org.eclipse.m2e.jdt; bundle-version="2.0.0.20220706-1958"; singleton:="true"
       org.eclipse.m2e.jdt [58]
         Unresolved requirement: Require-Bundle: org.eclipse.m2e.core; bundle-version="[2.0.0,3.0.0)"
           -> Bundle-SymbolicName: org.eclipse.m2e.core; bundle-version="2.0.0.20220711-1014"; singleton:="true"
  Unresolved requirement: Require-Bundle: org.eclipse.m2e.apt.core; bundle-version="1.3.0"; resolution:="optional"
    -> Bundle-SymbolicName: org.eclipse.m2e.apt.core; bundle-version="2.0.0.20220706-1958"; singleton:="true"
       org.eclipse.m2e.apt.core [56]
         Unresolved requirement: Require-Bundle: org.eclipse.m2e.core; bundle-version="[2.0.0,3.0.0)"
           -> Bundle-SymbolicName: org.eclipse.m2e.core; bundle-version="2.0.0.20220711-1014"; singleton:="true"

	at org.eclipse.osgi.container.Module.start(Module.java:463)
	at org.eclipse.osgi.container.ModuleContainer$ContainerStartLevel$2.run(ModuleContainer.java:1852)
	at org.eclipse.osgi.internal.framework.EquinoxContainerAdaptor$1$1.execute(EquinoxContainerAdaptor.java:136)
	at org.eclipse.osgi.container.ModuleContainer$ContainerStartLevel.incStartLevel(ModuleContainer.java:1845)
	at org.eclipse.osgi.container.ModuleContainer$ContainerStartLevel.incStartLevel(ModuleContainer.java:1788)
	at org.eclipse.osgi.container.ModuleContainer$ContainerStartLevel.doContainerStartLevel(ModuleContainer.java:1750)
	at org.eclipse.osgi.container.ModuleContainer$ContainerStartLevel.dispatchEvent(ModuleContainer.java:1672)
	at org.eclipse.osgi.container.ModuleContainer$ContainerStartLevel.dispatchEvent(ModuleContainer.java:1)
	at org.eclipse.osgi.framework.eventmgr.EventManager.dispatchEvent(EventManager.java:234)
	at org.eclipse.osgi.framework.eventmgr.EventManager$EventThread.run(EventManager.java:345)

!ENTRY org.eclipse.osgi 4 0 2022-12-16 15:14:28.218
!MESSAGE Bundle initial@reference:file:plugins/org.eclipse.jdt.ls.core_1.19.0.202212060253.jar was not resolved.

!ENTRY org.eclipse.jdt.ls.filesystem 2 0 2022-12-16 15:14:28.268
!MESSAGE Could not resolve module: org.eclipse.jdt.ls.filesystem [51]
  Unresolved requirement: Require-Capability: osgi.ee; filter:="(&(osgi.ee=JavaSE)(version=17))"


!ENTRY org.eclipse.m2e.apt.core 2 0 2022-12-16 15:14:28.269
!MESSAGE Could not resolve module: org.eclipse.m2e.apt.core [56]
  Unresolved requirement: Require-Bundle: org.eclipse.m2e.core; bundle-version="[2.0.0,3.0.0)"
    -> Bundle-SymbolicName: org.eclipse.m2e.core; bundle-version="2.0.0.20220711-1014"; singleton:="true"
       org.eclipse.m2e.core [57]
         Unresolved requirement: Require-Capability: osgi.ee; filter:="(&(osgi.ee=JavaSE)(version=17))"


!ENTRY org.eclipse.m2e.core 2 0 2022-12-16 15:14:28.269
!MESSAGE Could not resolve module: org.eclipse.m2e.core [57]
  Unresolved requirement: Require-Capability: osgi.ee; filter:="(&(osgi.ee=JavaSE)(version=17))"


!ENTRY org.eclipse.m2e.jdt 2 0 2022-12-16 15:14:28.269
!MESSAGE Could not resolve module: org.eclipse.m2e.jdt [58]
  Unresolved requirement: Require-Bundle: org.eclipse.m2e.core; bundle-version="[2.0.0,3.0.0)"
    -> Bundle-SymbolicName: org.eclipse.m2e.core; bundle-version="2.0.0.20220711-1014"; singleton:="true"
       org.eclipse.m2e.core [57]
         Unresolved requirement: Require-Capability: osgi.ee; filter:="(&(osgi.ee=JavaSE)(version=17))"


!ENTRY org.eclipse.jdt.ls.core 2 0 2022-12-16 15:14:28.271
!MESSAGE Could not resolve module: org.eclipse.jdt.ls.core [50]
  Unresolved requirement: Require-Capability: osgi.ee; filter:="(&(osgi.ee=JavaSE)(version=17))"
  Unresolved requirement: Require-Bundle: org.eclipse.m2e.core; resolution:="optional"
    -> Bundle-SymbolicName: org.eclipse.m2e.core; bundle-version="2.0.0.20220711-1014"; singleton:="true"
       org.eclipse.m2e.core [57]
         Unresolved requirement: Require-Capability: osgi.ee; filter:="(&(osgi.ee=JavaSE)(version=17))"
  Unresolved requirement: Require-Bundle: org.eclipse.m2e.jdt; resolution:="optional"
    -> Bundle-SymbolicName: org.eclipse.m2e.jdt; bundle-version="2.0.0.20220706-1958"; singleton:="true"
       org.eclipse.m2e.jdt [58]
         Unresolved requirement: Require-Bundle: org.eclipse.m2e.core; bundle-version="[2.0.0,3.0.0)"
           -> Bundle-SymbolicName: org.eclipse.m2e.core; bundle-version="2.0.0.20220711-1014"; singleton:="true"
  Unresolved requirement: Require-Bundle: org.eclipse.m2e.apt.core; bundle-version="1.3.0"; resolution:="optional"
    -> Bundle-SymbolicName: org.eclipse.m2e.apt.core; bundle-version="2.0.0.20220706-1958"; singleton:="true"
       org.eclipse.m2e.apt.core [56]
         Unresolved requirement: Require-Bundle: org.eclipse.m2e.core; bundle-version="[2.0.0,3.0.0)"
           -> Bundle-SymbolicName: org.eclipse.m2e.core; bundle-version="2.0.0.20220711-1014"; singleton:="true"

